[ 2017-08-07T08:08:07+08:00 ] 127.0.0.1 /Tp/index.php
INFO: [ app_init ] --START--
INFO: Run Behavior\BuildLiteBehavior [ RunTime:0.000012s ]
INFO: [ app_init ] --END-- [ RunTime:0.000631s ]
INFO: [ app_begin ] --START--
INFO: Run Behavior\ReadHtmlCacheBehavior [ RunTime:0.000536s ]
INFO: [ app_begin ] --END-- [ RunTime:0.000582s ]
INFO: [ view_parse ] --START--
INFO: [ template_filter ] --START--
INFO: Run Behavior\ContentReplaceBehavior [ RunTime:0.000434s ]
INFO: [ template_filter ] --END-- [ RunTime:0.000511s ]
INFO: Run Behavior\ParseTemplateBehavior [ RunTime:0.091657s ]
INFO: [ view_parse ] --END-- [ RunTime:0.091757s ]
INFO: [ view_filter ] --START--
INFO: Run Behavior\WriteHtmlCacheBehavior [ RunTime:0.000613s ]
INFO: [ view_filter ] --END-- [ RunTime:0.000658s ]
INFO: [ app_end ] --START--
INFO: Run Behavior\ShowPageTraceBehavior [ RunTime:0.000947s ]
INFO: [ app_end ] --END-- [ RunTime:0.001017s ]

[ 2017-08-07T08:12:13+08:00 ] 127.0.0.1 /Tp/index.php
INFO: [ app_init ] --START--
INFO: Run Behavior\BuildLiteBehavior [ RunTime:0.000010s ]
INFO: [ app_init ] --END-- [ RunTime:0.000401s ]
INFO: [ app_begin ] --START--
INFO: Run Behavior\ReadHtmlCacheBehavior [ RunTime:0.000440s ]
INFO: [ app_begin ] --END-- [ RunTime:0.000478s ]
INFO: [ view_parse ] --START--
INFO: [ template_filter ] --START--
INFO: Run Behavior\ContentReplaceBehavior [ RunTime:0.000224s ]
INFO: [ template_filter ] --END-- [ RunTime:0.000274s ]
INFO: Run Behavior\ParseTemplateBehavior [ RunTime:0.015233s ]
INFO: [ view_parse ] --END-- [ RunTime:0.015272s ]
INFO: [ view_filter ] --START--
INFO: Run Behavior\WriteHtmlCacheBehavior [ RunTime:0.000415s ]
INFO: [ view_filter ] --END-- [ RunTime:0.000441s ]
INFO: [ app_end ] --START--
INFO: Run Behavior\ShowPageTraceBehavior [ RunTime:0.000607s ]
INFO: [ app_end ] --END-- [ RunTime:0.000659s ]

[ 2017-08-07T08:32:24+08:00 ] 127.0.0.1 /Tp/index.php
INFO: [ app_init ] --START--
INFO: Run Behavior\BuildLiteBehavior [ RunTime:0.000010s ]
INFO: [ app_init ] --END-- [ RunTime:0.000523s ]
INFO: [ app_begin ] --START--
INFO: Run Behavior\ReadHtmlCacheBehavior [ RunTime:0.000577s ]
INFO: [ app_begin ] --END-- [ RunTime:0.000619s ]
INFO: [ view_parse ] --START--
INFO: [ template_filter ] --START--
INFO: Run Behavior\ContentReplaceBehavior [ RunTime:0.000201s ]
INFO: [ template_filter ] --END-- [ RunTime:0.000241s ]
INFO: Run Behavior\ParseTemplateBehavior [ RunTime:0.019870s ]
INFO: [ view_parse ] --END-- [ RunTime:0.019914s ]
INFO: [ view_filter ] --START--
INFO: Run Behavior\WriteHtmlCacheBehavior [ RunTime:0.000352s ]
INFO: [ view_filter ] --END-- [ RunTime:0.000383s ]
INFO: [ app_end ] --START--
INFO: Run Behavior\ShowPageTraceBehavior [ RunTime:0.001018s ]
INFO: [ app_end ] --END-- [ RunTime:0.001065s ]

[ 2017-08-07T08:32:34+08:00 ] 127.0.0.1 /Tp/index.php
INFO: [ app_init ] --START--
INFO: Run Behavior\BuildLiteBehavior [ RunTime:0.000017s ]
INFO: [ app_init ] --END-- [ RunTime:0.000652s ]
INFO: [ app_begin ] --START--
INFO: Run Behavior\ReadHtmlCacheBehavior [ RunTime:0.000467s ]
INFO: [ app_begin ] --END-- [ RunTime:0.000502s ]
INFO: [ view_parse ] --START--
INFO: [ template_filter ] --START--
INFO: Run Behavior\ContentReplaceBehavior [ RunTime:0.000179s ]
INFO: [ template_filter ] --END-- [ RunTime:0.000217s ]
INFO: Run Behavior\ParseTemplateBehavior [ RunTime:0.012418s ]
INFO: [ view_parse ] --END-- [ RunTime:0.012459s ]
INFO: [ view_filter ] --START--
INFO: Run Behavior\WriteHtmlCacheBehavior [ RunTime:0.000417s ]
INFO: [ view_filter ] --END-- [ RunTime:0.000452s ]
INFO: [ app_end ] --START--
INFO: Run Behavior\ShowPageTraceBehavior [ RunTime:0.001118s ]
INFO: [ app_end ] --END-- [ RunTime:0.001175s ]

[ 2017-08-07T08:41:32+08:00 ] 127.0.0.1 /Tp/index.php
INFO: [ app_init ] --START--
INFO: Run Behavior\BuildLiteBehavior [ RunTime:0.000013s ]
INFO: [ app_init ] --END-- [ RunTime:0.000535s ]
INFO: [ app_begin ] --START--
INFO: Run Behavior\ReadHtmlCacheBehavior [ RunTime:0.000470s ]
INFO: [ app_begin ] --END-- [ RunTime:0.000504s ]
INFO: [ view_parse ] --START--
INFO: [ template_filter ] --START--
INFO: Run Behavior\ContentReplaceBehavior [ RunTime:0.000214s ]
INFO: [ template_filter ] --END-- [ RunTime:0.000255s ]
INFO: Run Behavior\ParseTemplateBehavior [ RunTime:0.022115s ]
INFO: [ view_parse ] --END-- [ RunTime:0.022169s ]
INFO: [ view_filter ] --START--
INFO: Run Behavior\WriteHtmlCacheBehavior [ RunTime:0.000456s ]
INFO: [ view_filter ] --END-- [ RunTime:0.000484s ]
INFO: [ app_end ] --START--
INFO: Run Behavior\ShowPageTraceBehavior [ RunTime:0.000748s ]
INFO: [ app_end ] --END-- [ RunTime:0.000813s ]

[ 2017-08-07T08:45:41+08:00 ] 127.0.0.1 /Tp/index.php/Home/Login/login.html
INFO: [ app_init ] --START--
INFO: Run Behavior\BuildLiteBehavior [ RunTime:0.000011s ]
INFO: [ app_init ] --END-- [ RunTime:0.000550s ]
INFO: [ app_begin ] --START--
INFO: Run Behavior\ReadHtmlCacheBehavior [ RunTime:0.000689s ]
INFO: [ app_begin ] --END-- [ RunTime:0.000744s ]
INFO: [ view_parse ] --START--
INFO: [ template_filter ] --START--
INFO: Run Behavior\ContentReplaceBehavior [ RunTime:0.000108s ]
INFO: [ template_filter ] --END-- [ RunTime:0.000157s ]
INFO: Run Behavior\ParseTemplateBehavior [ RunTime:0.007766s ]
INFO: [ view_parse ] --END-- [ RunTime:0.007814s ]
INFO: [ view_filter ] --START--
INFO: Run Behavior\WriteHtmlCacheBehavior [ RunTime:0.000477s ]
INFO: [ view_filter ] --END-- [ RunTime:0.000510s ]
INFO: [ app_end ] --START--
INFO: Run Behavior\ShowPageTraceBehavior [ RunTime:0.000650s ]
INFO: [ app_end ] --END-- [ RunTime:0.000700s ]

[ 2017-08-07T08:45:45+08:00 ] 127.0.0.1 /Tp/index.php/Home/Login/login.html
INFO: [ app_init ] --START--
INFO: Run Behavior\BuildLiteBehavior [ RunTime:0.000021s ]
INFO: [ app_init ] --END-- [ RunTime:0.000829s ]
INFO: [ app_begin ] --START--
INFO: Run Behavior\ReadHtmlCacheBehavior [ RunTime:0.000518s ]
INFO: [ app_begin ] --END-- [ RunTime:0.000565s ]
INFO: [ view_parse ] --START--
INFO: [ template_filter ] --START--
INFO: Run Behavior\ContentReplaceBehavior [ RunTime:0.000126s ]
INFO: [ template_filter ] --END-- [ RunTime:0.000182s ]
INFO: Run Behavior\ParseTemplateBehavior [ RunTime:0.008720s ]
INFO: [ view_parse ] --END-- [ RunTime:0.008774s ]
INFO: [ view_filter ] --START--
INFO: Run Behavior\WriteHtmlCacheBehavior [ RunTime:0.000368s ]
INFO: [ view_filter ] --END-- [ RunTime:0.000409s ]
INFO: [ app_end ] --START--
INFO: Run Behavior\ShowPageTraceBehavior [ RunTime:0.000607s ]
INFO: [ app_end ] --END-- [ RunTime:0.000659s ]

[ 2017-08-07T08:45:53+08:00 ] 127.0.0.1 /Tp/index.php/Home/Login/login.html
INFO: [ app_init ] --START--
INFO: Run Behavior\BuildLiteBehavior [ RunTime:0.000019s ]
INFO: [ app_init ] --END-- [ RunTime:0.000571s ]
INFO: [ app_begin ] --START--
INFO: Run Behavior\ReadHtmlCacheBehavior [ RunTime:0.000602s ]
INFO: [ app_begin ] --END-- [ RunTime:0.000650s ]
INFO: [ view_parse ] --START--
INFO: [ template_filter ] --START--
INFO: Run Behavior\ContentReplaceBehavior [ RunTime:0.000090s ]
INFO: [ template_filter ] --END-- [ RunTime:0.000129s ]
INFO: Run Behavior\ParseTemplateBehavior [ RunTime:0.006616s ]
INFO: [ view_parse ] --END-- [ RunTime:0.006662s ]
INFO: [ view_filter ] --START--
INFO: Run Behavior\WriteHtmlCacheBehavior [ RunTime:0.000398s ]
INFO: [ view_filter ] --END-- [ RunTime:0.000431s ]
INFO: [ app_end ] --START--
INFO: Run Behavior\ShowPageTraceBehavior [ RunTime:0.000588s ]
INFO: [ app_end ] --END-- [ RunTime:0.000637s ]

[ 2017-08-07T08:57:37+08:00 ] 127.0.0.1 /Tp/index.php/Home/Login/login.html
INFO: [ app_init ] --START--
INFO: Run Behavior\BuildLiteBehavior [ RunTime:0.000011s ]
INFO: [ app_init ] --END-- [ RunTime:0.000464s ]
INFO: [ app_begin ] --START--
INFO: Run Behavior\ReadHtmlCacheBehavior [ RunTime:0.000644s ]
INFO: [ app_begin ] --END-- [ RunTime:0.000768s ]
INFO: [ view_parse ] --START--
INFO: [ template_filter ] --START--
INFO: Run Behavior\ContentReplaceBehavior [ RunTime:0.000148s ]
INFO: [ template_filter ] --END-- [ RunTime:0.000220s ]
INFO: Run Behavior\ParseTemplateBehavior [ RunTime:0.016773s ]
INFO: [ view_parse ] --END-- [ RunTime:0.016853s ]
INFO: [ view_filter ] --START--
INFO: Run Behavior\WriteHtmlCacheBehavior [ RunTime:0.000489s ]
INFO: [ view_filter ] --END-- [ RunTime:0.000532s ]
INFO: [ app_end ] --START--
INFO: Run Behavior\ShowPageTraceBehavior [ RunTime:0.000745s ]
INFO: [ app_end ] --END-- [ RunTime:0.000807s ]

[ 2017-08-07T08:57:48+08:00 ] 127.0.0.1 /Tp/index.php/Home/Login/login.html
INFO: [ app_init ] --START--
INFO: Run Behavior\BuildLiteBehavior [ RunTime:0.000014s ]
INFO: [ app_init ] --END-- [ RunTime:0.000626s ]
INFO: [ app_begin ] --START--
INFO: Run Behavior\ReadHtmlCacheBehavior [ RunTime:0.000699s ]
INFO: [ app_begin ] --END-- [ RunTime:0.000754s ]
INFO: [ view_parse ] --START--
INFO: [ template_filter ] --START--
INFO: Run Behavior\ContentReplaceBehavior [ RunTime:0.000120s ]
INFO: [ template_filter ] --END-- [ RunTime:0.000181s ]
INFO: Run Behavior\ParseTemplateBehavior [ RunTime:0.009487s ]
INFO: [ view_parse ] --END-- [ RunTime:0.009549s ]
INFO: [ view_filter ] --START--
INFO: Run Behavior\WriteHtmlCacheBehavior [ RunTime:0.000538s ]
INFO: [ view_filter ] --END-- [ RunTime:0.000583s ]
INFO: [ app_end ] --START--
INFO: Run Behavior\ShowPageTraceBehavior [ RunTime:0.000811s ]
INFO: [ app_end ] --END-- [ RunTime:0.000864s ]

